  main.cpp
C:\Users\Gary\Desktop\University of Florida Classes\Computer Science Bachelor\[3] COP3503 Programming Fundamentals 2\Project 2 Image Processing\Project 2 Image Processing\main.cpp(458,14): warning C4244:  'initializing': conversion from 'std::streamoff' to 'int', possible loss of data
C:\Users\Gary\Desktop\University of Florida Classes\Computer Science Bachelor\[3] COP3503 Programming Fundamentals 2\Project 2 Image Processing\Project 2 Image Processing\main.cpp(463,30): warning C4018:  '<': signed/unsigned mismatch
C:\Users\Gary\Desktop\University of Florida Classes\Computer Science Bachelor\[3] COP3503 Programming Fundamentals 2\Project 2 Image Processing\Project 2 Image Processing\main.cpp(550,29): warning C4018:  '<': signed/unsigned mismatch
C:\Users\Gary\Desktop\University of Florida Classes\Computer Science Bachelor\[3] COP3503 Programming Fundamentals 2\Project 2 Image Processing\Project 2 Image Processing\main.cpp(576,14): warning C4244:  'initializing': conversion from 'float' to 'long', possible loss of data
C:\Users\Gary\Desktop\University of Florida Classes\Computer Science Bachelor\[3] COP3503 Programming Fundamentals 2\Project 2 Image Processing\Project 2 Image Processing\main.cpp(577,15): warning C4244:  'initializing': conversion from 'float' to 'long', possible loss of data
C:\Users\Gary\Desktop\University of Florida Classes\Computer Science Bachelor\[3] COP3503 Programming Fundamentals 2\Project 2 Image Processing\Project 2 Image Processing\main.cpp(578,13): warning C4244:  'initializing': conversion from 'float' to 'long', possible loss of data
C:\Users\Gary\Desktop\University of Florida Classes\Computer Science Bachelor\[3] COP3503 Programming Fundamentals 2\Project 2 Image Processing\Project 2 Image Processing\main.cpp(597,29): warning C4018:  '<': signed/unsigned mismatch
C:\Users\Gary\Desktop\University of Florida Classes\Computer Science Bachelor\[3] COP3503 Programming Fundamentals 2\Project 2 Image Processing\Project 2 Image Processing\main.cpp(667,30): warning C4018:  '<': signed/unsigned mismatch
C:\Users\Gary\Desktop\University of Florida Classes\Computer Science Bachelor\[3] COP3503 Programming Fundamentals 2\Project 2 Image Processing\Project 2 Image Processing\main.cpp(724,15): warning C4244:  'initializing': conversion from 'float' to 'long', possible loss of data
C:\Users\Gary\Desktop\University of Florida Classes\Computer Science Bachelor\[3] COP3503 Programming Fundamentals 2\Project 2 Image Processing\Project 2 Image Processing\main.cpp(725,16): warning C4244:  'initializing': conversion from 'float' to 'long', possible loss of data
C:\Users\Gary\Desktop\University of Florida Classes\Computer Science Bachelor\[3] COP3503 Programming Fundamentals 2\Project 2 Image Processing\Project 2 Image Processing\main.cpp(726,14): warning C4244:  'initializing': conversion from 'float' to 'long', possible loss of data
C:\Users\Gary\Desktop\University of Florida Classes\Computer Science Bachelor\[3] COP3503 Programming Fundamentals 2\Project 2 Image Processing\Project 2 Image Processing\main.cpp(749,29): warning C4018:  '<': signed/unsigned mismatch
C:\Users\Gary\Desktop\University of Florida Classes\Computer Science Bachelor\[3] COP3503 Programming Fundamentals 2\Project 2 Image Processing\Project 2 Image Processing\main.cpp(804,14): warning C4244:  'initializing': conversion from 'float' to 'long', possible loss of data
C:\Users\Gary\Desktop\University of Florida Classes\Computer Science Bachelor\[3] COP3503 Programming Fundamentals 2\Project 2 Image Processing\Project 2 Image Processing\main.cpp(805,15): warning C4244:  'initializing': conversion from 'float' to 'long', possible loss of data
C:\Users\Gary\Desktop\University of Florida Classes\Computer Science Bachelor\[3] COP3503 Programming Fundamentals 2\Project 2 Image Processing\Project 2 Image Processing\main.cpp(806,13): warning C4244:  'initializing': conversion from 'float' to 'long', possible loss of data
C:\Users\Gary\Desktop\University of Florida Classes\Computer Science Bachelor\[3] COP3503 Programming Fundamentals 2\Project 2 Image Processing\Project 2 Image Processing\main.cpp(828,30): warning C4018:  '<': signed/unsigned mismatch
C:\Users\Gary\Desktop\University of Florida Classes\Computer Science Bachelor\[3] COP3503 Programming Fundamentals 2\Project 2 Image Processing\Project 2 Image Processing\main.cpp(870,30): warning C4018:  '<': signed/unsigned mismatch
C:\Users\Gary\Desktop\University of Florida Classes\Computer Science Bachelor\[3] COP3503 Programming Fundamentals 2\Project 2 Image Processing\Project 2 Image Processing\main.cpp(909,30): warning C4018:  '<': signed/unsigned mismatch
C:\Users\Gary\Desktop\University of Florida Classes\Computer Science Bachelor\[3] COP3503 Programming Fundamentals 2\Project 2 Image Processing\Project 2 Image Processing\main.cpp(954,31): warning C4018:  '<': signed/unsigned mismatch
C:\Users\Gary\Desktop\University of Florida Classes\Computer Science Bachelor\[3] COP3503 Programming Fundamentals 2\Project 2 Image Processing\Project 2 Image Processing\main.cpp(1148,21): warning C4305:  'initializing': truncation from 'int' to 'char'
C:\Users\Gary\Desktop\University of Florida Classes\Computer Science Bachelor\[3] COP3503 Programming Fundamentals 2\Project 2 Image Processing\Project 2 Image Processing\main.cpp(1148,15): warning C4309:  'initializing': truncation of constant value
C:\Users\Gary\Desktop\University of Florida Classes\Computer Science Bachelor\[3] COP3503 Programming Fundamentals 2\Project 2 Image Processing\Project 2 Image Processing\main.cpp(1149,22): warning C4305:  'initializing': truncation from 'int' to 'char'
C:\Users\Gary\Desktop\University of Florida Classes\Computer Science Bachelor\[3] COP3503 Programming Fundamentals 2\Project 2 Image Processing\Project 2 Image Processing\main.cpp(1149,16): warning C4309:  'initializing': truncation of constant value
  Project 2 Image Processing.vcxproj -> C:\Users\Gary\Desktop\University of Florida Classes\Computer Science Bachelor\[3] COP3503 Programming Fundamentals 2\Project 2 Image Processing\Debug\Project 2 Image Processing.exe
